# JRE version: Java(TM) SE Runtime Environment (8.0_181-b13) (build 1.8.0_181-b13)
# Java VM: Java HotSpot(TM) 64-Bit Server VM (25.181-b13 mixed mode windows-amd64 compressed oops)
Heap:
 PSYoungGen      total 76288K, used 55269K [0x000000076b000000, 0x0000000771800000, 0x00000007c0000000)
  eden space 65536K, 76% used [0x000000076b000000,0x000000076e137300,0x000000076f000000)
  from space 10752K, 45% used [0x000000076fa80000,0x000000076ff423f0,0x0000000770500000)
  to   space 10752K, 0% used [0x000000076f000000,0x000000076f000000,0x000000076fa80000)
 ParOldGen       total 120832K, used 5179K [0x00000006c1000000, 0x00000006c8600000, 0x000000076b000000)
  object space 120832K, 4% used [0x00000006c1000000,0x00000006c150edb0,0x00000006c8600000)
 Metaspace       used 18333K, capacity 19322K, committed 19584K, reserved 1071104K
  class space    used 2358K, capacity 2567K, committed 2688K, reserved 1048576K
GC Heap History (6 events):
Event: 0.839 GC heap before
{Heap before GC invocations=1 (full 0):
 PSYoungGen      total 76288K, used 41969K [0x000000076b000000, 0x0000000770500000, 0x00000007c0000000)
  eden space 65536K, 64% used [0x000000076b000000,0x000000076d8fc458,0x000000076f000000)
  from space 10752K, 0% used [0x000000076fa80000,0x000000076fa80000,0x0000000770500000)
  to   space 10752K, 0% used [0x000000076f000000,0x000000076f000000,0x000000076fa80000)
 ParOldGen       total 175104K, used 0K [0x00000006c1000000, 0x00000006cbb00000, 0x000000076b000000)
  object space 175104K, 0% used [0x00000006c1000000,0x00000006c1000000,0x00000006cbb00000)
 Metaspace       used 10701K, capacity 11108K, committed 11264K, reserved 1064960K
  class space    used 1329K, capacity 1444K, committed 1536K, reserved 1048576K
Event: 0.844 GC heap after
Heap after GC invocations=1 (full 0):
 PSYoungGen      total 76288K, used 5499K [0x000000076b000000, 0x0000000770500000, 0x00000007c0000000)
  eden space 65536K, 0% used [0x000000076b000000,0x000000076b000000,0x000000076f000000)
  from space 10752K, 51% used [0x000000076f000000,0x000000076f55ed08,0x000000076fa80000)
  to   space 10752K, 0% used [0x000000076fa80000,0x000000076fa80000,0x0000000770500000)
 ParOldGen       total 175104K, used 16K [0x00000006c1000000, 0x00000006cbb00000, 0x000000076b000000)
  object space 175104K, 0% used [0x00000006c1000000,0x00000006c1004000,0x00000006cbb00000)
 Metaspace       used 10701K, capacity 11108K, committed 11264K, reserved 1064960K
  class space    used 1329K, capacity 1444K, committed 1536K, reserved 1048576K
}
Event: 0.844 GC heap before
{Heap before GC invocations=2 (full 1):
 PSYoungGen      total 76288K, used 5499K [0x000000076b000000, 0x0000000770500000, 0x00000007c0000000)
  eden space 65536K, 0% used [0x000000076b000000,0x000000076b000000,0x000000076f000000)
  from space 10752K, 51% used [0x000000076f000000,0x000000076f55ed08,0x000000076fa80000)
  to   space 10752K, 0% used [0x000000076fa80000,0x000000076fa80000,0x0000000770500000)
 ParOldGen       total 175104K, used 16K [0x00000006c1000000, 0x00000006cbb00000, 0x000000076b000000)
  object space 175104K, 0% used [0x00000006c1000000,0x00000006c1004000,0x00000006cbb00000)
 Metaspace       used 10701K, capacity 11108K, committed 11264K, reserved 1064960K
  class space    used 1329K, capacity 1444K, committed 1536K, reserved 1048576K
Event: 0.859 GC heap after
Heap after GC invocations=2 (full 1):
 PSYoungGen      total 76288K, used 0K [0x000000076b000000, 0x0000000770500000, 0x00000007c0000000)
  eden space 65536K, 0% used [0x000000076b000000,0x000000076b000000,0x000000076f000000)
  from space 10752K, 0% used [0x000000076f000000,0x000000076f000000,0x000000076fa80000)
  to   space 10752K, 0% used [0x000000076fa80000,0x000000076fa80000,0x0000000770500000)
 ParOldGen       total 120832K, used 5171K [0x00000006c1000000, 0x00000006c8600000, 0x000000076b000000)
  object space 120832K, 4% used [0x00000006c1000000,0x00000006c150cdb0,0x00000006c8600000)
 Metaspace       used 10699K, capacity 11102K, committed 11264K, reserved 1062912K
  class space    used 1328K, capacity 1443K, committed 1536K, reserved 1048576K
}
Event: 1.278 GC heap before
{Heap before GC invocations=3 (full 1):
 PSYoungGen      total 76288K, used 65524K [0x000000076b000000, 0x0000000770500000, 0x00000007c0000000)
  eden space 65536K, 99% used [0x000000076b000000,0x000000076effd2a8,0x000000076f000000)
  from space 10752K, 0% used [0x000000076f000000,0x000000076f000000,0x000000076fa80000)
  to   space 10752K, 0% used [0x000000076fa80000,0x000000076fa80000,0x0000000770500000)
 ParOldGen       total 120832K, used 5171K [0x00000006c1000000, 0x00000006c8600000, 0x000000076b000000)
  object space 120832K, 4% used [0x00000006c1000000,0x00000006c150cdb0,0x00000006c8600000)
 Metaspace       used 14418K, capacity 14966K, committed 15104K, reserved 1064960K
  class space    used 1804K, capacity 1947K, committed 2048K, reserved 1048576K
Event: 1.282 GC heap after
Heap after GC invocations=3 (full 1):
 PSYoungGen      total 76288K, used 4872K [0x000000076b000000, 0x0000000771800000, 0x00000007c0000000)
  eden space 65536K, 0% used [0x000000076b000000,0x000000076b000000,0x000000076f000000)
  from space 10752K, 45% used [0x000000076fa80000,0x000000076ff423f0,0x0000000770500000)
  to   space 10752K, 0% used [0x000000076f000000,0x000000076f000000,0x000000076fa80000)
 ParOldGen       total 120832K, used 5179K [0x00000006c1000000, 0x00000006c8600000, 0x000000076b000000)
  object space 120832K, 4% used [0x00000006c1000000,0x00000006c150edb0,0x00000006c8600000)
 Metaspace       used 14418K, capacity 14966K, committed 15104K, reserved 1064960K
  class space    used 1804K, capacity 1947K, committed 2048K, reserved 1048576K
}

